{
  "numFailedTestSuites": 0,
  "numFailedTests": 0,
  "numPassedTestSuites": 1,
  "numPassedTests": 1,
  "numPendingTestSuites": 0,
  "numPendingTests": 0,
  "numRuntimeErrorTestSuites": 0,
  "numTodoTests": 0,
  "numTotalTestSuites": 1,
  "numTotalTests": 1,
  "openHandles": [],
  "snapshot": {
    "added": 0,
    "didUpdate": false,
    "failure": false,
    "filesAdded": 0,
    "filesRemoved": 0,
    "filesRemovedList": [],
    "filesUnmatched": 0,
    "filesUpdated": 0,
    "matched": 0,
    "total": 0,
    "unchecked": 0,
    "uncheckedKeysByFile": [],
    "unmatched": 0,
    "updated": 0
  },
  "startTime": 1687133018975,
  "success": true,
  "testResults": [
    {
      "assertionResults": [
        {
          "ancestorTitles": ["Task1"],
          "duration": 11,
          "failureDetails": [],
          "failureMessages": [],
          "fullName": "Task1 Delete a particular row",
          "invocations": 1,
          "location": null,
          "numPassingAsserts": 1,
          "retryReasons": [],
          "status": "passed",
          "title": "Delete a particular row"
        }
      ],
      "endTime": 1687133019088,
      "message": "",
      "name": "/Users/yunus/Dropbox/Works/Business/RadicalX/Missions/demo-mission-01-testing-main/Task1.test.js",
      "startTime": 1687133018988,
      "status": "passed",
      "summary": ""
    }
  ],
  "wasInterrupted": false
}
